0 info it worked if it ends with ok
1 verbose cli [ '/usr/bin/nodejs',
1 verbose cli   '/usr/bin/npm',
1 verbose cli   'install',
1 verbose cli   'https://launchpad.net/~ondrej/+archive/ubuntu/php/' ]
2 info using npm@1.3.10
3 info using node@v0.10.25
4 warn package.json Spaza-Shop-Kata@0.0.0 No description
5 warn package.json Spaza-Shop-Kata@0.0.0 No repository field.
6 warn package.json Spaza-Shop-Kata@0.0.0 No README data
7 verbose readDependencies using package.json deps
8 verbose cache add [ 'https://launchpad.net/~ondrej/+archive/ubuntu/php/', null ]
9 verbose cache add name=undefined spec="https://launchpad.net/~ondrej/+archive/ubuntu/php/" args=["https://launchpad.net/~ondrej/+archive/ubuntu/php/",null]
10 verbose parsed url { protocol: 'https:',
10 verbose parsed url   slashes: true,
10 verbose parsed url   auth: null,
10 verbose parsed url   host: 'launchpad.net',
10 verbose parsed url   port: null,
10 verbose parsed url   hostname: 'launchpad.net',
10 verbose parsed url   hash: null,
10 verbose parsed url   search: null,
10 verbose parsed url   query: null,
10 verbose parsed url   pathname: '/~ondrej/+archive/ubuntu/php/',
10 verbose parsed url   path: '/~ondrej/+archive/ubuntu/php/',
10 verbose parsed url   href: 'https://launchpad.net/~ondrej/+archive/ubuntu/php/' }
11 silly lockFile 5d2226b4-ad-net-ondrej-archive-ubuntu-php https://launchpad.net/~ondrej/+archive/ubuntu/php/
12 verbose lock https://launchpad.net/~ondrej/+archive/ubuntu/php/ /home/coder/.npm/5d2226b4-ad-net-ondrej-archive-ubuntu-php.lock
13 verbose addRemoteTarball [ 'https://launchpad.net/~ondrej/+archive/ubuntu/php/', null ]
14 info retry fetch attempt 1 at 14:25:54
15 verbose fetch to= /home/coder/tmp/npm-9147-2ANRJJ4D/1465215954414-0.5562180422712117/tmp.tgz
16 http GET https://launchpad.net/~ondrej/+archive/ubuntu/php/
17 http 200 https://launchpad.net/~ondrej/+archive/ubuntu/php/
18 verbose tar unpack /home/coder/tmp/npm-9147-2ANRJJ4D/1465215954414-0.5562180422712117/tmp.tgz
19 silly lockFile 73b32362-54414-0-5562180422712117-package tar:///home/coder/tmp/npm-9147-2ANRJJ4D/1465215954414-0.5562180422712117/package
20 verbose lock tar:///home/coder/tmp/npm-9147-2ANRJJ4D/1465215954414-0.5562180422712117/package /home/coder/.npm/73b32362-54414-0-5562180422712117-package.lock
21 silly lockFile 37ec0d7d-54414-0-5562180422712117-tmp-tgz tar:///home/coder/tmp/npm-9147-2ANRJJ4D/1465215954414-0.5562180422712117/tmp.tgz
22 verbose lock tar:///home/coder/tmp/npm-9147-2ANRJJ4D/1465215954414-0.5562180422712117/tmp.tgz /home/coder/.npm/37ec0d7d-54414-0-5562180422712117-tmp-tgz.lock
23 silly gunzTarPerm modes [ '755', '644' ]
24 error not a package /home/coder/tmp/npm-9147-2ANRJJ4D/1465215954414-0.5562180422712117/tmp.tgz
25 silly lockFile 73b32362-54414-0-5562180422712117-package tar:///home/coder/tmp/npm-9147-2ANRJJ4D/1465215954414-0.5562180422712117/package
26 silly lockFile 73b32362-54414-0-5562180422712117-package tar:///home/coder/tmp/npm-9147-2ANRJJ4D/1465215954414-0.5562180422712117/package
27 silly lockFile 37ec0d7d-54414-0-5562180422712117-tmp-tgz tar:///home/coder/tmp/npm-9147-2ANRJJ4D/1465215954414-0.5562180422712117/tmp.tgz
28 silly lockFile 37ec0d7d-54414-0-5562180422712117-tmp-tgz tar:///home/coder/tmp/npm-9147-2ANRJJ4D/1465215954414-0.5562180422712117/tmp.tgz
29 silly lockFile 5d2226b4-ad-net-ondrej-archive-ubuntu-php https://launchpad.net/~ondrej/+archive/ubuntu/php/
30 silly lockFile 5d2226b4-ad-net-ondrej-archive-ubuntu-php https://launchpad.net/~ondrej/+archive/ubuntu/php/
31 error Error: ENOENT, open '/home/coder/tmp/npm-9147-2ANRJJ4D/1465215954414-0.5562180422712117/package/package.json'
32 error If you need help, you may report this log at:
32 error     <http://github.com/isaacs/npm/issues>
32 error or email it to:
32 error     <npm-@googlegroups.com>
33 error System Linux 3.16.0-70-generic
34 error command "/usr/bin/nodejs" "/usr/bin/npm" "install" "https://launchpad.net/~ondrej/+archive/ubuntu/php/"
35 error cwd /home/coder/Projects/Spaza-Shop-Kata
36 error node -v v0.10.25
37 error npm -v 1.3.10
38 error path /home/coder/tmp/npm-9147-2ANRJJ4D/1465215954414-0.5562180422712117/package/package.json
39 error code ENOENT
40 error errno 34
41 verbose exit [ 34, true ]
